Using pre-set license
Built from '2021.3/evg/staging/82bb020e-b03b1330/draft-0' branch; Version is '2021.3.16f1 (4016570cf34f) revision 4200023'; Using compiler version '192829333'; Build Type 'Release'
OS: 'Windows 10  (10.0.19045) 64bit Education' Language: 'en' Physical Memory: 16300 MB
BatchMode: 1, IsHumanControllingUs: 0, StartBugReporterOnCrash: 0, Is64bit: 1, IsPro: 1

COMMAND LINE ARGUMENTS:
C:\Program Files\Unity\Hub\Editor\2021.3.16f1\Editor\Unity.exe
-adb2
-batchMode
-noUpm
-name
AssetImportWorker0
-projectPath
C:/repo/XR-Project/Final Proj
-logFile
Logs/AssetImportWorker0.log
-srvPort
56754
Successfully changed project path to: C:/repo/XR-Project/Final Proj
C:/repo/XR-Project/Final Proj
[UnityMemory] Configuration Parameters - Can be set up in boot.config
    "memorysetup-bucket-allocator-granularity=16"
    "memorysetup-bucket-allocator-bucket-count=8"
    "memorysetup-bucket-allocator-block-size=33554432"
    "memorysetup-bucket-allocator-block-count=8"
    "memorysetup-main-allocator-block-size=16777216"
    "memorysetup-thread-allocator-block-size=16777216"
    "memorysetup-gfx-main-allocator-block-size=16777216"
    "memorysetup-gfx-thread-allocator-block-size=16777216"
    "memorysetup-cache-allocator-block-size=4194304"
    "memorysetup-typetree-allocator-block-size=2097152"
    "memorysetup-profiler-bucket-allocator-granularity=16"
    "memorysetup-profiler-bucket-allocator-bucket-count=8"
    "memorysetup-profiler-bucket-allocator-block-size=33554432"
    "memorysetup-profiler-bucket-allocator-block-count=8"
    "memorysetup-profiler-allocator-block-size=16777216"
    "memorysetup-profiler-editor-allocator-block-size=1048576"
    "memorysetup-temp-allocator-size-main=16777216"
    "memorysetup-job-temp-allocator-block-size=2097152"
    "memorysetup-job-temp-allocator-block-size-background=1048576"
    "memorysetup-job-temp-allocator-reduction-small-platforms=262144"
    "memorysetup-temp-allocator-size-background-worker=32768"
    "memorysetup-temp-allocator-size-job-worker=262144"
    "memorysetup-temp-allocator-size-preload-manager=33554432"
    "memorysetup-temp-allocator-size-nav-mesh-worker=65536"
    "memorysetup-temp-allocator-size-audio-worker=65536"
    "memorysetup-temp-allocator-size-cloud-worker=32768"
    "memorysetup-temp-allocator-size-gi-baking-worker=262144"
    "memorysetup-temp-allocator-size-gfx=262144"
Player connection [1456] Host "[IP] 169.229.103.106 [Port] 0 [Flags] 2 [Guid] 1625729278 [EditorId] 1625729278 [Version] 1048832 [Id] WindowsEditor(7,N4PFAG00B395157) [Debug] 1 [PackageName] WindowsEditor [ProjectName] Editor" joined multi-casting on [225.0.0.222:54997]...

Player connection [1456] Host "[IP] 169.229.103.106 [Port] 0 [Flags] 2 [Guid] 1625729278 [EditorId] 1625729278 [Version] 1048832 [Id] WindowsEditor(7,N4PFAG00B395157) [Debug] 1 [PackageName] WindowsEditor [ProjectName] Editor" joined alternative multi-casting on [225.0.0.222:34997]...

Refreshing native plugins compatible for Editor in 87.65 ms, found 12 plugins.
Preloading 1 native plugins for Editor in 0.39 ms.
Initialize engine version: 2021.3.16f1 (4016570cf34f)
[Subsystems] Discovering subsystems at path C:/Program Files/Unity/Hub/Editor/2021.3.16f1/Editor/Data/Resources/UnitySubsystems
[Subsystems] Discovering subsystems at path C:/repo/XR-Project/Final Proj/Assets
GfxDevice: creating device client; threaded=0; jobified=0
Direct3D:
    Version:  Direct3D 11.0 [level 11.1]
    Renderer: NVIDIA GeForce RTX 3070 (ID=0x2488)
    Vendor:   NVIDIA
    VRAM:     8031 MB
    Driver:   31.0.15.2756
Initialize mono
Mono path[0] = 'C:/Program Files/Unity/Hub/Editor/2021.3.16f1/Editor/Data/Managed'
Mono path[1] = 'C:/Program Files/Unity/Hub/Editor/2021.3.16f1/Editor/Data/MonoBleedingEdge/lib/mono/unityjit-win32'
Mono config path = 'C:/Program Files/Unity/Hub/Editor/2021.3.16f1/Editor/Data/MonoBleedingEdge/etc'
Using monoOptions --debugger-agent=transport=dt_socket,embedding=1,server=y,suspend=n,address=127.0.0.1:56572
Begin MonoManager ReloadAssembly
Registering precompiled unity dll's ...
Register platform support module: C:/Program Files/Unity/Hub/Editor/2021.3.16f1/Editor/Data/PlaybackEngines/WindowsStandaloneSupport/UnityEditor.WindowsStandalone.Extensions.dll
Registered in 0.004081 seconds.
Native extension for WindowsStandalone target not found
Refreshing native plugins compatible for Editor in 76.94 ms, found 12 plugins.
Preloading 1 native plugins for Editor in 0.06 ms.
Mono: successfully reloaded assembly
- Completed reload, in  0.563 seconds
Domain Reload Profiling:
	ReloadAssembly (563ms)
		BeginReloadAssembly (62ms)
			ExecutionOrderSort (0ms)
			DisableScriptedObjects (0ms)
			BackupInstance (0ms)
			ReleaseScriptingObjects (0ms)
			CreateAndSetChildDomain (1ms)
		EndReloadAssembly (415ms)
			LoadAssemblies (61ms)
			RebuildTransferFunctionScriptingTraits (0ms)
			SetupTypeCache (119ms)
			ReleaseScriptCaches (0ms)
			RebuildScriptCaches (22ms)
			SetupLoadedEditorAssemblies (233ms)
				LogAssemblyErrors (0ms)
				InitializePlatformSupportModulesInManaged (6ms)
				SetLoadedEditorAssemblies (0ms)
				RefreshPlugins (77ms)
				BeforeProcessingInitializeOnLoad (1ms)
				ProcessInitializeOnLoadAttributes (111ms)
				ProcessInitializeOnLoadMethodAttributes (38ms)
				AfterProcessingInitializeOnLoad (0ms)
				EditorAssembliesLoaded (0ms)
			ExecutionOrderSort2 (0ms)
			AwakeInstancesAfterBackupRestoration (0ms)
Platform modules already initialized, skipping
Registering precompiled user dll's ...
Registered in 0.007216 seconds.
Begin MonoManager ReloadAssembly
Symbol file LoadedFromMemory doesn't match image C:\repo\XR-Project\Final Proj\Library\PackageCache\com.unity.visualscripting@1.7.8\Editor\VisualScripting.Core\Dependencies\DotNetZip\Unity.VisualScripting.IonicZip.dll
Symbol file LoadedFromMemory doesn't match image C:\repo\XR-Project\Final Proj\Library\PackageCache\com.unity.visualscripting@1.7.8\Editor\VisualScripting.Core\Dependencies\YamlDotNet\Unity.VisualScripting.YamlDotNet.dll
Native extension for WindowsStandalone target not found
Refreshing native plugins compatible for Editor in 79.29 ms, found 12 plugins.
Preloading 1 native plugins for Editor in 0.06 ms.
Package Manager log level set to [2]
System.Reflection.TargetInvocationException: Exception has been thrown by the target of an invocation. ---> System.NullReferenceException: Object reference not set to an instance of an object
  at Unity.XR.Oculus.OculusLoader.AssetPathToAbsolutePath (System.String assetPath) [0x0003d] in C:\repo\XR-Project\Final Proj\Library\PackageCache\com.unity.xr.oculus@3.2.3\Runtime\OculusLoader.cs:296 
  at Unity.XR.Oculus.OculusLoader.EditorLoadOVRPlugin () [0x0007b] in C:\repo\XR-Project\Final Proj\Library\PackageCache\com.unity.xr.oculus@3.2.3\Runtime\OculusLoader.cs:281 
  at (wrapper managed-to-native) System.Reflection.RuntimeMethodInfo.InternalInvoke(System.Reflection.RuntimeMethodInfo,object,object[],System.Exception&)
  at System.Reflection.RuntimeMethodInfo.Invoke (System.Object obj, System.Reflection.BindingFlags invokeAttr, System.Reflection.Binder binder, System.Object[] parameters, System.Globalization.CultureInfo culture) [0x0006a] in <75633565436c42f0a6426b33f0132ade>:0 
   --- End of inner exception stack trace ---
  at System.Reflection.RuntimeMethodInfo.Invoke (System.Object obj, System.Reflection.BindingFlags invokeAttr, System.Reflection.Binder binder, System.Object[] parameters, System.Globalization.CultureInfo culture) [0x00083] in <75633565436c42f0a6426b33f0132ade>:0 
  at System.Reflection.MethodBase.Invoke (System.Object obj, System.Object[] parameters) [0x00000] in <75633565436c42f0a6426b33f0132ade>:0 
  at UnityEditor.EditorAssemblies.ProcessInitializeOnLoadMethodAttributes () [0x000a5] in <11d97693183d4a6bb35c29ae7882c66b>:0 
UnityEngine.StackTraceUtility:ExtractStackTrace ()
UnityEngine.DebugLogHandler:LogFormat (UnityEngine.LogType,UnityEngine.Object,string,object[])
UnityEngine.Logger:Log (UnityEngine.LogType,object)
UnityEngine.Debug:LogError (object)
UnityEditor.EditorAssemblies:ProcessInitializeOnLoadMethodAttributes ()

Mono: successfully reloaded assembly
- Completed reload, in  1.040 seconds
Domain Reload Profiling:
	ReloadAssembly (1041ms)
		BeginReloadAssembly (99ms)
			ExecutionOrderSort (0ms)
			DisableScriptedObjects (5ms)
			BackupInstance (0ms)
			ReleaseScriptingObjects (0ms)
			CreateAndSetChildDomain (19ms)
		EndReloadAssembly (836ms)
			LoadAssemblies (82ms)
			RebuildTransferFunctionScriptingTraits (0ms)
			SetupTypeCache (225ms)
			ReleaseScriptCaches (1ms)
			RebuildScriptCaches (45ms)
			SetupLoadedEditorAssemblies (452ms)
				LogAssemblyErrors (0ms)
				InitializePlatformSupportModulesInManaged (3ms)
				SetLoadedEditorAssemblies (0ms)
				RefreshPlugins (79ms)
				BeforeProcessingInitializeOnLoad (90ms)
				ProcessInitializeOnLoadAttributes (246ms)
				ProcessInitializeOnLoadMethodAttributes (27ms)
				AfterProcessingInitializeOnLoad (5ms)
				EditorAssembliesLoaded (0ms)
			ExecutionOrderSort2 (0ms)
			AwakeInstancesAfterBackupRestoration (5ms)
Platform modules already initialized, skipping
========================================================================
Worker process is ready to serve import requests
Launched and connected shader compiler UnityShaderCompiler.exe after 0.05 seconds
Refreshing native plugins compatible for Editor in 1.77 ms, found 12 plugins.
Preloading 1 native plugins for Editor in 0.08 ms.
Unloading 4225 Unused Serialized files (Serialized files now loaded: 0)
Unloading 54 unused Assets / (115.1 KB). Loaded Objects now: 4686.
Memory consumption went from 160.9 MB to 160.8 MB.
Total: 4.335600 ms (FindLiveObjects: 0.392200 ms CreateObjectMapping: 0.333800 ms MarkObjects: 3.452200 ms  DeleteObjects: 0.156400 ms)

AssetImportParameters requested are different than current active one (requested -> active):
  custom:video-decoder-ogg-theora: a1e56fd34408186e4bbccfd4996cb3dc -> 
  custom:container-muxer-webm: aa71ff27fc2769a1b78a27578f13a17b -> 
  custom:container-demuxer-webm: 4f35f7cbe854078d1ac9338744f61a02 -> 
  custom:video-encoder-webm-vp8: eb34c28f22e8b96e1ab97ce403110664 -> 
  custom:audio-encoder-webm-vorbis: bf7c407c2cedff20999df2af8eb42d56 -> 
  custom:framework-win-MediaFoundation: 216162199b28c13a410421893ffa2e32 -> 
  custom:container-demuxer-ogg: 62fdf1f143b41e24485cea50d1cbac27 -> 
  custom:video-decoder-webm-vp8: 9c59270c3fd7afecdb556c50c9e8de78 -> 
  custom:audio-decoder-ogg-vorbis: bf7c407c2cedff20999df2af8eb42d56 -> 
========================================================================
Received Import Request.
  Time since last request: 5027.267885 seconds.
  path: Assets/Materials/ParticleSystems/ParticleSmokeBlack.mat
  artifactKey: Guid(fc626cffedc907848a7b47b87aa5e34f) Importer(815301076,1909f56bfc062723c751e8b465ee728b)
Start importing Assets/Materials/ParticleSystems/ParticleSmokeBlack.mat using Guid(fc626cffedc907848a7b47b87aa5e34f) Importer(815301076,1909f56bfc062723c751e8b465ee728b)  -> (artifact id: '5eab06fc9fd54cb5abd141d289b513ca') in 0.109575 seconds 
========================================================================
Received Import Request.
  Time since last request: 0.000037 seconds.
  path: Assets/Models/DesertEnvironment/Props/Container/Materials/ContainerGreen.mat
  artifactKey: Guid(a3b85eb640734da47a9dd295357a3420) Importer(815301076,1909f56bfc062723c751e8b465ee728b)
Start importing Assets/Models/DesertEnvironment/Props/Container/Materials/ContainerGreen.mat using Guid(a3b85eb640734da47a9dd295357a3420) Importer(815301076,1909f56bfc062723c751e8b465ee728b)  -> (artifact id: '2d7e88cadf38df9bff4b4836cb9e6f85') in 0.054738 seconds 
========================================================================
Received Import Request.
  Time since last request: 0.000022 seconds.
  path: Assets/Models/DesertEnvironment/Props/Container/Materials/ContainerOlive.mat
  artifactKey: Guid(1b32f5265b13dc347b88a910bd5c791d) Importer(815301076,1909f56bfc062723c751e8b465ee728b)
Start importing Assets/Models/DesertEnvironment/Props/Container/Materials/ContainerOlive.mat using Guid(1b32f5265b13dc347b88a910bd5c791d) Importer(815301076,1909f56bfc062723c751e8b465ee728b)  -> (artifact id: '7cf61fde53361702daece3c1ea78268d') in 0.026432 seconds 
========================================================================
Received Import Request.
  Time since last request: 0.000027 seconds.
  path: Assets/Models/DesertEnvironment/Props/Jerrycan/Materials/OilSpill.mat
  artifactKey: Guid(0d0a6985e342dc94399ef8da9a53aebe) Importer(815301076,1909f56bfc062723c751e8b465ee728b)
Start importing Assets/Models/DesertEnvironment/Props/Jerrycan/Materials/OilSpill.mat using Guid(0d0a6985e342dc94399ef8da9a53aebe) Importer(815301076,1909f56bfc062723c751e8b465ee728b)  -> (artifact id: 'e8dad74d2489b436c53c17c4719da2c5') in 0.256624 seconds 
========================================================================
Received Import Request.
  Time since last request: 0.000047 seconds.
  path: Assets/Models/DesertEnvironment/Props/AmmoBox/Materials/AmmoBox.mat
  artifactKey: Guid(a78eece9d10f0df4fad00e95730822e7) Importer(815301076,1909f56bfc062723c751e8b465ee728b)
Start importing Assets/Models/DesertEnvironment/Props/AmmoBox/Materials/AmmoBox.mat using Guid(a78eece9d10f0df4fad00e95730822e7) Importer(815301076,1909f56bfc062723c751e8b465ee728b)  -> (artifact id: 'b8c2c4266ec5d40fdd82e6b7f1d935bb') in 0.035610 seconds 
========================================================================
Received Import Request.
  Time since last request: 0.000025 seconds.
  path: Assets/Materials/MuzzleFlashParticle.mat
  artifactKey: Guid(527027c8baf2f0540be3104a3ec38a99) Importer(815301076,1909f56bfc062723c751e8b465ee728b)
Start importing Assets/Materials/MuzzleFlashParticle.mat using Guid(527027c8baf2f0540be3104a3ec38a99) Importer(815301076,1909f56bfc062723c751e8b465ee728b)  -> (artifact id: '544bf8bcc7ea601715ffd04fcffa29c7') in 0.022631 seconds 
========================================================================
Received Import Request.
  Time since last request: 0.000018 seconds.
  path: Assets/Models/DesertEnvironment/Environment/Vegetation/Materials/Palm_Tree_Diffuse_Leaves.mat
  artifactKey: Guid(be2c2ff39e6e5924a8a77c6b6f95d6d2) Importer(815301076,1909f56bfc062723c751e8b465ee728b)
Start importing Assets/Models/DesertEnvironment/Environment/Vegetation/Materials/Palm_Tree_Diffuse_Leaves.mat using Guid(be2c2ff39e6e5924a8a77c6b6f95d6d2) Importer(815301076,1909f56bfc062723c751e8b465ee728b)  -> (artifact id: 'a5645fa5f8a1745db22edbc700c10726') in 0.016840 seconds 
========================================================================
Received Import Request.
  Time since last request: 0.000021 seconds.
  path: Assets/Materials/ParticleSystems/ParticleSmokeVertlit.mat
  artifactKey: Guid(225843b6084e75440a6ea970a17c93aa) Importer(815301076,1909f56bfc062723c751e8b465ee728b)
Start importing Assets/Materials/ParticleSystems/ParticleSmokeVertlit.mat using Guid(225843b6084e75440a6ea970a17c93aa) Importer(815301076,1909f56bfc062723c751e8b465ee728b)  -> (artifact id: '19d347bc74266e64ddfdd2e015f77bf8') in 0.029486 seconds 
========================================================================
Received Import Request.
  Time since last request: 0.000019 seconds.
  path: Assets/Models/DesertEnvironment/Environment/Vegetation/Materials/BushBig.mat
  artifactKey: Guid(f9e789670f5736f4da3752ad6878a1dc) Importer(815301076,1909f56bfc062723c751e8b465ee728b)
Start importing Assets/Models/DesertEnvironment/Environment/Vegetation/Materials/BushBig.mat using Guid(f9e789670f5736f4da3752ad6878a1dc) Importer(815301076,1909f56bfc062723c751e8b465ee728b)  -> (artifact id: '6bd5761cba8bb89b18c0dce8e761ea22') in 0.022422 seconds 
========================================================================
Received Import Request.
  Time since last request: 0.000021 seconds.
  path: Assets/Models/DesertEnvironment/Props/Well/Materials/Well.mat
  artifactKey: Guid(6d9b435933141f7489d1c4a0b928335b) Importer(815301076,1909f56bfc062723c751e8b465ee728b)
Start importing Assets/Models/DesertEnvironment/Props/Well/Materials/Well.mat using Guid(6d9b435933141f7489d1c4a0b928335b) Importer(815301076,1909f56bfc062723c751e8b465ee728b)  -> (artifact id: 'e9a89f2fd18a17e2163cb01c59e095f2') in 0.050434 seconds 
========================================================================
Received Import Request.
  Time since last request: 0.000022 seconds.
  path: Assets/Materials/ParticleSystems/ParticleSpark.mat
  artifactKey: Guid(f63c576739a709747a1a571260d4fabd) Importer(815301076,1909f56bfc062723c751e8b465ee728b)
Start importing Assets/Materials/ParticleSystems/ParticleSpark.mat using Guid(f63c576739a709747a1a571260d4fabd) Importer(815301076,1909f56bfc062723c751e8b465ee728b)  -> (artifact id: 'eb52890d9ecb6db083727473d6c5fa18') in 0.019531 seconds 
========================================================================
Received Import Request.
  Time since last request: 0.000031 seconds.
  path: Assets/Models/DesertEnvironment/Props/Genorators/Materials/GenoratorYellow.mat
  artifactKey: Guid(0f8089d08913d4b4dbed0634467f8bd6) Importer(815301076,1909f56bfc062723c751e8b465ee728b)
Start importing Assets/Models/DesertEnvironment/Props/Genorators/Materials/GenoratorYellow.mat using Guid(0f8089d08913d4b4dbed0634467f8bd6) Importer(815301076,1909f56bfc062723c751e8b465ee728b)  -> (artifact id: 'e5f732089d6e13ae90ae7b92e8ee7342') in 0.024459 seconds 
Editor requested this worker to shutdown with reason: Scaling down because of idle timeout
AssetImportWorker is now disconnected from the server
Process exiting
Exiting without the bug reporter. Application will terminate with return code 0